<?xml version="1.0" encoding="UTF-8"?>
<!-- Generated by org.testng.reporters.JUnitXMLReporter -->
<testsuite hostname="DESKTOP-B24PROE" ignored="0" name="Default test" tests="3" failures="0" timestamp="13 Feb 2023 00:28:11 GMT" time="3.863" errors="0">
  <testcase name="createOneProduct" time="2.23" classname="testCases.CreateOneProduct"/>
  <testcase name="readAllProducts" time="1.195" classname="testCases.CreateOneProduct"/>
  <testcase name="readOneProduct" time="0.418" classname="testCases.CreateOneProduct"/>
</testsuite> <!-- Default test -->
