<?xml version="1.0" encoding="UTF-8"?>
<!-- Generated by org.testng.reporters.JUnitXMLReporter -->
<testsuite hostname="DESKTOP-B24PROE" ignored="0" name="Test" tests="7" failures="0" timestamp="14 Feb 2023 01:41:50 GMT" time="5.794" errors="0">
  <testcase name="createOneProduct" time="1.91" classname="testCases.CreateOneProduct"/>
  <testcase name="createOneProduct" time="0.36" classname="testCases.DeleteOneProductAdvance2"/>
  <testcase name="readAllProducts" time="1.237" classname="testCases.CreateOneProduct"/>
  <testcase name="readAllProducts" time="0.964" classname="testCases.DeleteOneProductAdvance2"/>
  <testcase name="readOneProduct" time="0.361" classname="testCases.CreateOneProduct"/>
  <testcase name="deleteOneProduct" time="0.368" classname="testCases.DeleteOneProductAdvance2"/>
  <testcase name="readOneDeletedProduct" time="0.406" classname="testCases.DeleteOneProductAdvance2"/>
</testsuite> <!-- Test -->
