<?xml version="1.0" encoding="UTF-8"?>
<!-- Generated by org.testng.reporters.JUnitXMLReporter -->
<testsuite hostname="DESKTOP-B24PROE" ignored="0" name="Test" tests="4" failures="0" timestamp="14 Feb 2023 01:26:34 GMT" time="3.511" errors="0">
  <testcase name="createOneProduct" time="1.755" classname="testCases.UpdateOneProductAdvance"/>
  <testcase name="readAllProducts" time="0.894" classname="testCases.UpdateOneProductAdvance"/>
  <testcase name="updateOneProduct" time="0.408" classname="testCases.UpdateOneProductAdvance"/>
  <testcase name="readOneUpdatedProduct" time="0.376" classname="testCases.UpdateOneProductAdvance"/>
</testsuite> <!-- Test -->
