<?xml version="1.0" encoding="UTF-8"?>
<testng-results skipped="0" failed="0" ignored="0" total="7" passed="7">
  <reporter-output>
  </reporter-output>
  <suite name="Suite" duration-ms="5794" started-at="2023-02-14T01:41:44Z" finished-at="2023-02-14T01:41:50Z">
    <groups>
    </groups>
    <test name="Test" duration-ms="5794" started-at="2023-02-14T01:41:44Z" finished-at="2023-02-14T01:41:50Z">
      <class name="testCases.DeleteOneProductAdvance2">
        <test-method status="PASS" signature="createOneProduct()[pri:1, instance:testCases.DeleteOneProductAdvance2@5f341870]" name="createOneProduct" duration-ms="360" started-at="2023-02-14T01:41:46Z" finished-at="2023-02-14T01:41:47Z">
          <reporter-output>
          </reporter-output>
        </test-method> <!-- createOneProduct -->
        <test-method status="PASS" signature="readAllProducts()[pri:2, instance:testCases.DeleteOneProductAdvance2@5f341870]" name="readAllProducts" duration-ms="964" started-at="2023-02-14T01:41:48Z" finished-at="2023-02-14T01:41:49Z">
          <reporter-output>
          </reporter-output>
        </test-method> <!-- readAllProducts -->
        <test-method status="PASS" signature="deleteOneProduct()[pri:3, instance:testCases.DeleteOneProductAdvance2@5f341870]" name="deleteOneProduct" duration-ms="368" started-at="2023-02-14T01:41:49Z" finished-at="2023-02-14T01:41:50Z">
          <reporter-output>
          </reporter-output>
        </test-method> <!-- deleteOneProduct -->
        <test-method status="PASS" signature="readOneDeletedProduct()[pri:4, instance:testCases.DeleteOneProductAdvance2@5f341870]" name="readOneDeletedProduct" duration-ms="406" started-at="2023-02-14T01:41:50Z" finished-at="2023-02-14T01:41:50Z">
          <reporter-output>
          </reporter-output>
        </test-method> <!-- readOneDeletedProduct -->
      </class> <!-- testCases.DeleteOneProductAdvance2 -->
      <class name="testCases.CreateOneProduct">
        <test-method status="PASS" signature="createOneProduct()[pri:1, instance:testCases.CreateOneProduct@14bf9759]" name="createOneProduct" duration-ms="1910" started-at="2023-02-14T01:41:44Z" finished-at="2023-02-14T01:41:46Z">
          <reporter-output>
          </reporter-output>
        </test-method> <!-- createOneProduct -->
        <test-method status="PASS" signature="readAllProducts()[pri:2, instance:testCases.CreateOneProduct@14bf9759]" name="readAllProducts" duration-ms="1237" started-at="2023-02-14T01:41:47Z" finished-at="2023-02-14T01:41:48Z">
          <reporter-output>
          </reporter-output>
        </test-method> <!-- readAllProducts -->
        <test-method status="PASS" signature="readOneProduct()[pri:3, instance:testCases.CreateOneProduct@14bf9759]" name="readOneProduct" duration-ms="361" started-at="2023-02-14T01:41:49Z" finished-at="2023-02-14T01:41:49Z">
          <reporter-output>
          </reporter-output>
        </test-method> <!-- readOneProduct -->
      </class> <!-- testCases.CreateOneProduct -->
    </test> <!-- Test -->
  </suite> <!-- Suite -->
</testng-results>
